<?xml version="1.0" encoding="UTF-8"?>
<!-- Generated by org.testng.reporters.JUnitXMLReporter -->
<testsuite hostname="Automata" ignored="2" name="TestPractice" tests="3" failures="0" timestamp="2021-06-19T19:22:37 EDT" time="34.653" errors="0">
  <testcase name="myDemoTest2" time="0.006" classname="ups.pack.UPSTestRunner"/>
  <testcase name="signUpLinkTest" time="18.028" classname="ups.pack.UPSTestRunner"/>
  <testcase name="rediffMailAlertTest" time="5.72" classname="rediff.pack.RediffTestRunner"/>
  <testcase name="myDemoTest1" time="0.0" classname="ups.pack.UPSTestRunner">
    <ignored/>
  </testcase> <!-- myDemoTest1 -->
  <testcase name="loginErrorMessageTest" time="0.0" classname="ups.pack.UPSTestRunner">
    <ignored/>
  </testcase> <!-- loginErrorMessageTest -->
</testsuite> <!-- TestPractice -->
